group1      : INFO     This is info message
group1      : WARNING  This is warning message
2016/03/24 11:36:46.f ChinaStock.py[line:85] INFO This is info message
2016/03/24 11:36:46.f ChinaStock.py[line:86] WARNING This is warning message
2016/03/24 11:40:04.(msecs)03d ChinaStock.py[line:85] INFO This is info message
2016/03/24 11:40:04.(msecs)03d ChinaStock.py[line:86] WARNING This is warning message
2016/03/24 11:40:52.759 ChinaStock.py[line:85] INFO This is info message
2016/03/24 11:40:52.759 ChinaStock.py[line:86] WARNING This is warning message
2016/03/24 11:42:11.565 ChinaStock.py[line:84] DEBUG This is debug message
2016/03/24 11:42:11.565 ChinaStock.py[line:85] INFO This is info message
2016/03/24 11:42:11.565 ChinaStock.py[line:86] WARNING This is warning message
2016/03/24 11:43:23.019 ChinaStock.py[line:84] [DEBUG   ] This is debug message
2016/03/24 11:43:23.019 ChinaStock.py[line:85] [INFO    ] This is info message
2016/03/24 11:43:23.019 ChinaStock.py[line:86] [WARNING ] This is warning message
2016/03/24 11:43:52.007 ChinaStock.py[line:84 ] [DEBUG   ] This is debug message
2016/03/24 11:43:52.007 ChinaStock.py[line:85 ] [INFO    ] This is info message
2016/03/24 11:43:52.007 ChinaStock.py[line:86 ] [WARNING ] This is warning message
2016/03/24 11:44:05.770 ChinaStock.py[line:084] [DEBUG   ] This is debug message
2016/03/24 11:44:05.770 ChinaStock.py[line:085] [INFO    ] This is info message
2016/03/24 11:44:05.771 ChinaStock.py[line:086] [WARNING ] This is warning message
2016/03/24 11:44:25.006 ChinaStock.py[line:  84] [DEBUG   ] This is debug message
2016/03/24 11:44:25.006 ChinaStock.py[line:  85] [INFO    ] This is info message
2016/03/24 11:44:25.006 ChinaStock.py[line:  86] [WARNING ] This is warning message
2016/03/24 11:45:23.634 [line:  84] [DEBUG   ] This is debug message
2016/03/24 11:45:23.634 [line:  85] [INFO    ] This is info message
2016/03/24 11:45:23.634 [line:  86] [WARNING ] This is warning message
